C51 COMPILER V9.01   74HC595                                                               05/22/2018 09:30:08 PAGE 1   


C51 COMPILER V9.01, COMPILATION OF MODULE 74HC595
OBJECT MODULE PLACED IN .\obj\74HC595.obj
COMPILER INVOKED BY: C:\Keil\C51\BIN\C51.EXE scr\74HC595.c BROWSE DEBUG OBJECTEXTEND PRINT(.\list\74HC595.lst) OBJECT(.\
                    -obj\74HC595.obj)

line level    source

   1          
   2          #include "_Include.h"
   3          
   4          
   5          U8 Part_pin;
   6          
   7          
   8          
   9          union UU32 byte1,byte2,byte3;
  10          
  11          void One_Driver_595SendByte(U8* temp)
  12          {
  13   1              U8 i,j;
  14   1      
  15   1              ST_CP = 0;           //存储寄存器时钟
  16   1      
  17   1              for(i=0;i<Total595;i++)
  18   1              {
  19   2                      for(j=0;j<8;j++)
  20   2                      {
  21   3                              SH_CP = 0;                //移位寄存器时钟
  22   3      
  23   3                              if((temp[Total595-1-i]<<j)&0x80)                //先发送数组最后一个字节的最高位
  24   3                              SER = 1;
  25   3                              else
  26   3                              SER = 0;
  27   3      
  28   3                              SH_CP = 1;                //SH_CP上升沿时移位寄存器中的数据按照级联方式依次移动一位
  29   3                      }
  30   2              }
  31   1      
  32   1              ST_CP = 1;       //上升沿时移位寄存器中的数据进入存储器
  33   1      }
  34          
  35          void Two_Driver_595SendByte(U8* temp)
  36          {
  37   1              U8 i,j;
  38   1      
  39   1              ST_CP0 = 0;          //存储寄存器时钟
  40   1      
  41   1              for(i=0;i<Total595;i++)
  42   1              {
  43   2                      for(j=0;j<8;j++)
  44   2                      {
  45   3                              SH_CP0 = 0;               //移位寄存器时钟
  46   3      
  47   3                              if((temp[Total595-1-i]<<j)&0x80)                //先发送数组最后一个字节的最高位
  48   3                              SER0 = 1;
  49   3                              else
  50   3                              SER0 = 0;
  51   3      
  52   3                              SH_CP0 = 1;               //SH_cp上升沿时移位寄存器中的数据按照级联方式依次移动一位
  53   3                      }
  54   2              }
C51 COMPILER V9.01   74HC595                                                               05/22/2018 09:30:08 PAGE 2   

  55   1      
  56   1              ST_CP0 = 1;      //上升沿时移位寄存器中的数据进入存储器
  57   1      }
  58          
  59          void Three_Driver_595SendByte(U8* temp)
  60          {
  61   1              U8 i,j;
  62   1      
  63   1              ST_CP1 = 0;          //存储寄存器时钟
  64   1      
  65   1              for(i=0;i<Total595;i++)
  66   1              {
  67   2                      for(j=0;j<8;j++)
  68   2                      {
  69   3                              SH_CP1 = 0;               //移位寄存器时钟
  70   3      
  71   3                              if((temp[Total595-1-i]<<j)&0x80)                //先发送数组最后一个字节的最高位
  72   3                              SER1 = 1;
  73   3                              else
  74   3                              SER1 = 0;
  75   3      
  76   3                              SH_CP1 = 1;               //SH_cp上升沿时移位寄存器中的数据按照级联方式依次移动一位
  77   3                      }
  78   2              }
  79   1      
  80   1              ST_CP1 = 1;      //上升沿时移位寄存器中的数据进入存储器
  81   1      }


MODULE INFORMATION:   STATIC OVERLAYABLE
   CODE SIZE        =    171    ----
   CONSTANT SIZE    =   ----    ----
   XDATA SIZE       =   ----    ----
   PDATA SIZE       =   ----    ----
   DATA SIZE        =     13    ----
   IDATA SIZE       =   ----    ----
   BIT SIZE         =   ----    ----
END OF MODULE INFORMATION.


C51 COMPILATION COMPLETE.  0 WARNING(S),  0 ERROR(S)
