C51 COMPILER V9.01   MAIN                                                                  05/22/2018 09:30:08 PAGE 1   


C51 COMPILER V9.01, COMPILATION OF MODULE MAIN
OBJECT MODULE PLACED IN .\obj\main.obj
COMPILER INVOKED BY: C:\Keil\C51\BIN\C51.EXE scr\main.c BROWSE DEBUG OBJECTEXTEND PRINT(.\list\main.lst) OBJECT(.\obj\ma
                    -in.obj)

line level    source

   1          #include "main.h"
   2          #include "_Include.h"
   3          
   4          void main()
   5          {
   6   1              SFRPAGE = ACTIVE_PAGE;                  // Set for PCA0MD
   7   1              PCA0MD &= ~0x40;                        // WDTE = 0 (clear watchdog timer enable)
   8   1              init_sys();
   9   1              delay_ms(250);
  10   1      
  11   1              while(1)
  12   1              {
  13   2                      Send_TimeProc();
  14   2              }
  15   1      
  16   1      }


MODULE INFORMATION:   STATIC OVERLAYABLE
   CODE SIZE        =     21    ----
   CONSTANT SIZE    =   ----    ----
   XDATA SIZE       =   ----    ----
   PDATA SIZE       =   ----    ----
   DATA SIZE        =   ----    ----
   IDATA SIZE       =   ----    ----
   BIT SIZE         =   ----    ----
END OF MODULE INFORMATION.


C51 COMPILATION COMPLETE.  0 WARNING(S),  0 ERROR(S)
